<?xml version="1.0" encoding="UTF-8"?>
<testsuite name="Encrypt" tests="1" skipped="0" failures="0" errors="0" timestamp="2021-07-31T15:39:06" hostname="jmwania" time="0.0">
  <properties/>
  <testcase name="checkWhetherInputIsString" classname="Encrypt" time="0.0"/>
  <system-out><![CDATA[]]></system-out>
  <system-err><![CDATA[]]></system-err>
</testsuite>
